#
# A fatal error has been detected by the Java Runtime Environment:
#
#  SIGSEGV (0xb) at pc=0x0000000102232d10, pid=970, tid=18179
#
# JRE version: Java(TM) SE Runtime Environment (8.0_45-b14) (build 1.8.0_45-b14)
# Java VM: Java HotSpot(TM) 64-Bit Server VM (25.45-b02 mixed mode bsd-amd64 compressed oops)
# Problematic frame:
# V  [libjvm.dylib+0x432d10]
#
# Failed to write core dump. Core dumps have been disabled. To enable core dumping, try "ulimit -c unlimited" before starting Java again
#
# If you would like to submit a bug report, please visit:
#   http://bugreport.java.com/bugreport/crash.jsp
#

---------------  T H R E A D  ---------------

Current thread (0x00007f8f6c037800):  JavaThread "JDWP Transport Listener: dt_socket" daemon [_thread_in_vm, id=18179, stack(0x0000000116b9f000,0x0000000116c9f000)]

siginfo: si_signo: 11 (SIGSEGV), si_code: 0 (unknown), si_addr: 0x0000000000000000

Registers:
RAX=0x0000000000000001, RBX=0x0000000116c9ea8b, RCX=0x00000001025fa190, RDX=0x0000000116c9ea8b
RSP=0x0000000116c9e9d0, RBP=0x0000000116c9e9e0, RSI=0x00007f8f6c037800, RDI=0xe000000000000000
R8 =0x00007f8f6ad1c230, R9 =0x0000000000000000, R10=0x00000000119a1c9f, R11=0x00000000c328fbda
R12=0x00007f8f6c037800, R13=0xe000000000000000, R14=0xe000000000000000, R15=0x00007f8f6ad02440
RIP=0x0000000102232d10, EFLAGS=0x0000000000010286, ERR=0x0000000000000000
  TRAPNO=0x000000000000000d

Top of Stack: (sp=0x0000000116c9e9d0)
0x0000000116c9e9d0:   0000000116c9ea8b 0000000116c9ea8b
0x0000000116c9e9e0:   0000000116c9ea40 00000001021430d6
0x0000000116c9e9f0:   00007f8f6c037800 0000000000000000
0x0000000116c9ea00:   0000000000000000 0000000000000000
0x0000000116c9ea10:   00007f8f6c037800 00007f8f6c037800
0x0000000116c9ea20:   0000000116c9ea8b 0000000116c9ea90
0x0000000116c9ea30:   e000000000000000 0000000000000003
0x0000000116c9ea40:   0000000116c9ea60 000000010158a780
0x0000000116c9ea50:   0000000000000001 0000000116c9eb08
0x0000000116c9ea60:   0000000116c9ead0 000000010156f1f3
0x0000000116c9ea70:   0000000116c9eaa0 00007f8f6ad1cac0
0x0000000116c9ea80:   0000000400000032 0000000900c9eb08
0x0000000116c9ea90:   0000000000000000 0000000000000000
0x0000000116c9eaa0:   0000000000000000 0000000116c9ec90
0x0000000116c9eab0:   0000000101591e7a 00007f8f6ad18f30
0x0000000116c9eac0:   0000000116c9eb08 000000010159d598
0x0000000116c9ead0:   0000000116c9eae0 000000010156f2ec
0x0000000116c9eae0:   0000000116c9ed00 0000000101578898
0x0000000116c9eaf0:   000012e800000013 00000000000f0200
0x0000000116c9eb00:   00007f8f6ad1c220 00007f8f6ad1cc36
0x0000000116c9eb10:   00007f8f00000222 00007f8f6ad124e0
0x0000000116c9eb20:   00007f8f0000012c 0000000116c9eb58
0x0000000116c9eb30:   00007f8f6ad124e0 00007f0000000000
0x0000000116c9eb40:   000012e80000001c 00007fff0000fe80
0x0000000116c9eb50:   0000000116c9eb58 8f7f000004000000
0x0000000116c9eb60:   0b000000c0c9d16a 6464614c646e6966
0x0000000116c9eb70:   2845000000737265 616c2f6176616a4c
0x0000000116c9eb80:   6e697274532f676e 2f6176616a4c3b67
0x0000000116c9eb90:   7274532f676e616c 76616a4c3b676e69
0x0000000116c9eba0:   532f6c6974752f61 76616a4c293b7465
0x0000000116c9ebb0:   4c2f6c6974752f61 7f0000003b747369
0x0000000116c9ebc0:   6c2f6176616a4c28 697274532f676e61 

Instructions: (pc=0x0000000102232d10)
0x0000000102232cf0:   40 48 48 85 c0 75 e0 30 c0 0f b6 c0 5d c3 31 c0
0x0000000102232d00:   5d c3 55 48 89 e5 53 48 83 ec 08 48 85 ff 74 24
0x0000000102232d10:   48 8b 1f 48 85 db 74 1c 48 83 fb 37 74 16 48 8b
0x0000000102232d20:   03 48 89 df ff 50 10 84 c0 b8 00 00 00 00 48 0f 

Register to memory mapping:

RAX=0x0000000000000001 is an unknown value
RBX=0x0000000116c9ea8b is pointing into the stack for thread: 0x00007f8f6c037800
RCX=0x00000001025fa190: UseMembar+0 in /Library/Java/JavaVirtualMachines/jdk1.8.0_45.jdk/Contents/Home/jre/lib/server/libjvm.dylib at 0x0000000101e00000
RDX=0x0000000116c9ea8b is pointing into the stack for thread: 0x00007f8f6c037800
RSP=0x0000000116c9e9d0 is pointing into the stack for thread: 0x00007f8f6c037800
RBP=0x0000000116c9e9e0 is pointing into the stack for thread: 0x00007f8f6c037800
RSI=0x00007f8f6c037800 is a thread
RDI=0xe000000000000000 is an unknown value
R8 =0x00007f8f6ad1c230 is an unknown value
R9 =0x0000000000000000 is an unknown value
R10=0x00000000119a1c9f is an unknown value
R11=0x00000000c328fbda is an unknown value
R12=0x00007f8f6c037800 is a thread
R13=0xe000000000000000 is an unknown value
R14=0xe000000000000000 is an unknown value
R15=0x00007f8f6ad02440 is an unknown value


Stack: [0x0000000116b9f000,0x0000000116c9f000],  sp=0x0000000116c9e9d0,  free space=1022k
Native frames: (J=compiled Java code, j=interpreted, Vv=VM code, C=native code)
V  [libjvm.dylib+0x432d10]
V  [libjvm.dylib+0x3430d6]
C  [libjdwp.dylib+0x20780]  isMethodSynthetic+0x63
C  [libjdwp.dylib+0x51f3]  methods1+0x10b
C  [libjdwp.dylib+0x52ec]  methodsWithGeneric+0xe
C  [libjdwp.dylib+0xe898]  debugLoop_run+0x1ce
C  [libjdwp.dylib+0x1f6ba]  attachThread+0x4d
V  [libjvm.dylib+0x38401c]
V  [libjvm.dylib+0x549acf]
V  [libjvm.dylib+0x54b1c0]
V  [libjvm.dylib+0x46ea7e]
C  [libsystem_pthread.dylib+0x1899]  _pthread_body+0x8a
C  [libsystem_pthread.dylib+0x172a]  _pthread_struct_init+0x0
C  [libsystem_pthread.dylib+0x5fc9]  thread_start+0xd
C  0x0000000000000000


---------------  P R O C E S S  ---------------

Java Threads: ( => current thread )
  0x00007f8f6c018800 JavaThread "Service Thread" daemon [_thread_blocked, id=21251, stack(0x00000001171b1000,0x00000001172b1000)]
  0x00007f8f6b815800 JavaThread "C1 CompilerThread2" daemon [_thread_blocked, id=20739, stack(0x00000001170ae000,0x00000001171ae000)]
  0x00007f8f6c825000 JavaThread "C2 CompilerThread1" daemon [_thread_blocked, id=20227, stack(0x0000000116fab000,0x00000001170ab000)]
  0x00007f8f6c823800 JavaThread "C2 CompilerThread0" daemon [_thread_blocked, id=19715, stack(0x0000000116ea8000,0x0000000116fa8000)]
  0x00007f8f6c81a000 JavaThread "JDWP Command Reader" daemon [_thread_in_native, id=19203, stack(0x0000000116da5000,0x0000000116ea5000)]
  0x00007f8f6c019800 JavaThread "JDWP Event Helper Thread" daemon [_thread_blocked, id=18691, stack(0x0000000116ca2000,0x0000000116da2000)]
=>0x00007f8f6c037800 JavaThread "JDWP Transport Listener: dt_socket" daemon [_thread_in_vm, id=18179, stack(0x0000000116b9f000,0x0000000116c9f000)]
  0x00007f8f6c817000 JavaThread "Signal Dispatcher" daemon [_thread_blocked, id=17667, stack(0x0000000116a95000,0x0000000116b95000)]
  0x00007f8f6c000000 JavaThread "Finalizer" daemon [_thread_blocked, id=12547, stack(0x0000000116844000,0x0000000116944000)]
  0x00007f8f6c80f800 JavaThread "Reference Handler" daemon [_thread_blocked, id=12035, stack(0x0000000116741000,0x0000000116841000)]
  0x00007f8f6c001800 JavaThread "main" [_thread_blocked, id=6403, stack(0x0000000102d6a000,0x0000000102e6a000)]

Other Threads:
  0x00007f8f6c80f000 VMThread [stack: 0x000000011663e000,0x000000011673e000] [id=11523]
  0x00007f8f6b040000 WatcherThread [stack: 0x00000001172b4000,0x00000001173b4000] [id=21763]

VM state:not at safepoint (normal execution)

VM Mutex/Monitor currently owned by a thread: None

Heap:
 PSYoungGen      total 18944K, used 1966K [0x00000007aab00000, 0x00000007ac000000, 0x00000007c0000000)
  eden space 16384K, 12% used [0x00000007aab00000,0x00000007aaceb9d8,0x00000007abb00000)
  from space 2560K, 0% used [0x00000007abd80000,0x00000007abd80000,0x00000007ac000000)
  to   space 2560K, 0% used [0x00000007abb00000,0x00000007abb00000,0x00000007abd80000)
 ParOldGen       total 44032K, used 0K [0x0000000780000000, 0x0000000782b00000, 0x00000007aab00000)
  object space 44032K, 0% used [0x0000000780000000,0x0000000780000000,0x0000000782b00000)
 Metaspace       used 2851K, capacity 4564K, committed 4864K, reserved 1056768K
  class space    used 303K, capacity 388K, committed 512K, reserved 1048576K

Card table byte_map: [0x000000011222c000,0x000000011242d000] byte_map_base: 0x000000010e62c000

Marking Bits: (ParMarkBitMap*) 0x00000001026c27a0
 Begin Bits: [0x000000011298f000, 0x000000011398f000)
 End Bits:   [0x000000011398f000, 0x000000011498f000)

Polling page: 0x0000000101569000

CodeCache: size=245760Kb used=1181Kb max_used=1181Kb free=244578Kb
 bounds [0x0000000102e6c000, 0x00000001030dc000, 0x0000000111e6c000]
 total_blobs=286 nmethods=54 adapters=154
 compilation: enabled

Compilation events (10 events):
Event: 0.277 Thread 0x00007f8f6b815800   50       3       java.util.HashMap::put (13 bytes)
Event: 0.277 Thread 0x00007f8f6b815800 nmethod 50 0x0000000102f8f090 code [0x0000000102f8f220, 0x0000000102f8f5f8]
Event: 0.277 Thread 0x00007f8f6b815800   49       1       java.net.URL::getProtocol (5 bytes)
Event: 0.277 Thread 0x00007f8f6b815800 nmethod 49 0x0000000102f8edd0 code [0x0000000102f8ef20, 0x0000000102f8f030]
Event: 0.277 Thread 0x00007f8f6b815800   53       1       java.lang.StringCoding$StringEncoder::requestedCharsetName (5 bytes)
Event: 0.277 Thread 0x00007f8f6b815800 nmethod 53 0x0000000102f8eb10 code [0x0000000102f8ec60, 0x0000000102f8ed70]
Event: 0.277 Thread 0x00007f8f6b815800   52       1       java.io.File::getPath (5 bytes)
Event: 0.278 Thread 0x00007f8f6b815800 nmethod 52 0x0000000102f8e850 code [0x0000000102f8e9a0, 0x0000000102f8eab0]
Event: 0.280 Thread 0x00007f8f6b815800   54       3       java.lang.AbstractStringBuilder::expandCapacity (50 bytes)
Event: 0.281 Thread 0x00007f8f6b815800 nmethod 54 0x0000000102f93150 code [0x0000000102f93300, 0x0000000102f93878]

GC Heap History (0 events):
No events

Deoptimization events (0 events):
No events

Internal exceptions (10 events):
Event: 0.269 Thread 0x00007f8f6c001800 Exception <a 'java/security/PrivilegedActionException'> (0x00000007aacc9050) thrown at [/Users/java_re/workspace/8-2-build-macosx-x86_64/jdk8u45/3457/hotspot/src/share/vm/prims/jvm.cpp, line 1382]
Event: 0.270 Thread 0x00007f8f6c001800 Exception <a 'java/util/zip/ZipException'> (0x00000007aacc9d78) thrown at [/Users/java_re/workspace/8-2-build-macosx-x86_64/jdk8u45/3457/hotspot/src/share/vm/prims/jni.cpp, line 709]
Event: 0.270 Thread 0x00007f8f6c001800 Exception <a 'java/security/PrivilegedActionException'> (0x00000007aacc9f28) thrown at [/Users/java_re/workspace/8-2-build-macosx-x86_64/jdk8u45/3457/hotspot/src/share/vm/prims/jvm.cpp, line 1382]
Event: 0.270 Thread 0x00007f8f6c001800 Exception <a 'java/security/PrivilegedActionException'> (0x00000007aacca0e0) thrown at [/Users/java_re/workspace/8-2-build-macosx-x86_64/jdk8u45/3457/hotspot/src/share/vm/prims/jvm.cpp, line 1382]
Event: 0.271 Thread 0x00007f8f6c001800 Exception <a 'java/util/zip/ZipException'> (0x00000007aaccae28) thrown at [/Users/java_re/workspace/8-2-build-macosx-x86_64/jdk8u45/3457/hotspot/src/share/vm/prims/jni.cpp, line 709]
Event: 0.271 Thread 0x00007f8f6c001800 Exception <a 'java/security/PrivilegedActionException'> (0x00000007aaccafd8) thrown at [/Users/java_re/workspace/8-2-build-macosx-x86_64/jdk8u45/3457/hotspot/src/share/vm/prims/jvm.cpp, line 1382]
Event: 0.272 Thread 0x00007f8f6c001800 Exception <a 'java/security/PrivilegedActionException'> (0x00000007aaccb190) thrown at [/Users/java_re/workspace/8-2-build-macosx-x86_64/jdk8u45/3457/hotspot/src/share/vm/prims/jvm.cpp, line 1382]
Event: 0.276 Thread 0x00007f8f6c001800 Exception <a 'java/util/zip/ZipException'> (0x00000007aacdde80) thrown at [/Users/java_re/workspace/8-2-build-macosx-x86_64/jdk8u45/3457/hotspot/src/share/vm/prims/jni.cpp, line 709]
Event: 0.276 Thread 0x00007f8f6c001800 Exception <a 'java/security/PrivilegedActionException'> (0x00000007aacde030) thrown at [/Users/java_re/workspace/8-2-build-macosx-x86_64/jdk8u45/3457/hotspot/src/share/vm/prims/jvm.cpp, line 1382]
Event: 0.276 Thread 0x00007f8f6c001800 Exception <a 'java/security/PrivilegedActionException'> (0x00000007aacde1e8) thrown at [/Users/java_re/workspace/8-2-build-macosx-x86_64/jdk8u45/3457/hotspot/src/share/vm/prims/jvm.cpp, line 1382]

Events (10 events):
Event: 401.252 Executing VM operation: RedefineClasses
Event: 401.252 Executing VM operation: RedefineClasses done
Event: 401.258 Executing VM operation: ChangeBreakpoints
Event: 401.258 Executing VM operation: ChangeBreakpoints done
Event: 523.718 Executing VM operation: RedefineClasses
Event: 523.719 Executing VM operation: RedefineClasses done
Event: 523.725 Executing VM operation: ChangeBreakpoints
Event: 523.725 Executing VM operation: ChangeBreakpoints done
Event: 3438.218 Executing VM operation: RedefineClasses
Event: 3438.219 Executing VM operation: RedefineClasses done


Dynamic libraries:
0x00000000077cd000 	/System/Library/Frameworks/Cocoa.framework/Versions/A/Cocoa
0x00000000077cd000 	/System/Library/Frameworks/Security.framework/Versions/A/Security
0x00000000077cd000 	/System/Library/Frameworks/ApplicationServices.framework/Versions/A/ApplicationServices
0x00000000077cd000 	/usr/lib/libz.1.dylib
0x00000000077cd000 	/usr/lib/libSystem.B.dylib
0x00000000077cd000 	/usr/lib/libobjc.A.dylib
0x00000000077cd000 	/System/Library/Frameworks/CoreFoundation.framework/Versions/A/CoreFoundation
0x00000000077cd000 	/System/Library/Frameworks/Foundation.framework/Versions/C/Foundation
0x00000000077cd000 	/System/Library/Frameworks/AppKit.framework/Versions/C/AppKit
0x00000000077cd000 	/System/Library/Frameworks/CoreData.framework/Versions/A/CoreData
0x00000000077cd000 	/System/Library/PrivateFrameworks/RemoteViewServices.framework/Versions/A/RemoteViewServices
0x00000000077cd000 	/System/Library/Frameworks/AudioToolbox.framework/Versions/A/AudioToolbox
0x00000000077cd000 	/System/Library/Frameworks/AudioUnit.framework/Versions/A/AudioUnit
0x00000000077cd000 	/System/Library/PrivateFrameworks/DataDetectorsCore.framework/Versions/A/DataDetectorsCore
0x00000000077cd000 	/System/Library/PrivateFrameworks/DesktopServicesPriv.framework/Versions/A/DesktopServicesPriv
0x00000000077cd000 	/System/Library/Frameworks/Carbon.framework/Versions/A/Frameworks/HIToolbox.framework/Versions/A/HIToolbox
0x00000000077cd000 	/System/Library/Frameworks/QuartzCore.framework/Versions/A/QuartzCore
0x00000000077cd000 	/System/Library/Frameworks/Carbon.framework/Versions/A/Frameworks/SpeechRecognition.framework/Versions/A/SpeechRecognition
0x00000000077cd000 	/usr/lib/libauto.dylib
0x00000000077cd000 	/usr/lib/libicucore.A.dylib
0x00000000077cd000 	/usr/lib/libxml2.2.dylib
0x00000000077cd000 	/System/Library/PrivateFrameworks/CoreUI.framework/Versions/A/CoreUI
0x00000000077cd000 	/System/Library/Frameworks/CoreAudio.framework/Versions/A/CoreAudio
0x00000000077cd000 	/System/Library/Frameworks/DiskArbitration.framework/Versions/A/DiskArbitration
0x00000000077cd000 	/usr/lib/liblangid.dylib
0x00000000077cd000 	/System/Library/PrivateFrameworks/MultitouchSupport.framework/Versions/A/MultitouchSupport
0x00000000077cd000 	/System/Library/Frameworks/IOKit.framework/Versions/A/IOKit
0x00000000077cd000 	/usr/lib/libDiagnosticMessagesClient.dylib
0x00000000077cd000 	/System/Library/Frameworks/CoreServices.framework/Versions/A/CoreServices
0x00000000077cd000 	/System/Library/PrivateFrameworks/PerformanceAnalysis.framework/Versions/A/PerformanceAnalysis
0x00000000077cd000 	/System/Library/PrivateFrameworks/GenerationalStorage.framework/Versions/A/GenerationalStorage
0x00000000077cd000 	/System/Library/Frameworks/OpenGL.framework/Versions/A/OpenGL
0x00000000077cd000 	/System/Library/PrivateFrameworks/Sharing.framework/Versions/A/Sharing
0x00000000077cd000 	/System/Library/Frameworks/ImageIO.framework/Versions/A/ImageIO
0x00000000077cd000 	/System/Library/Frameworks/CoreText.framework/Versions/A/CoreText
0x00000000077cd000 	/System/Library/Frameworks/CoreGraphics.framework/Versions/A/CoreGraphics
0x00000000077cd000 	/System/Library/PrivateFrameworks/Backup.framework/Versions/A/Backup
0x00000000077cd000 	/System/Library/Frameworks/CFNetwork.framework/Versions/A/CFNetwork
0x00000000077cd000 	/System/Library/Frameworks/SystemConfiguration.framework/Versions/A/SystemConfiguration
0x00000000077cd000 	/usr/lib/libCRFSuite.dylib
0x00000000077cd000 	/usr/lib/libc++.1.dylib
0x00000000077cd000 	/usr/lib/libc++abi.dylib
0x00000000077cd000 	/usr/lib/system/libcache.dylib
0x00000000077cd000 	/usr/lib/system/libcommonCrypto.dylib
0x00000000077cd000 	/usr/lib/system/libcompiler_rt.dylib
0x00000000077cd000 	/usr/lib/system/libcopyfile.dylib
0x00000000077cd000 	/usr/lib/system/libcorecrypto.dylib
0x00000000077cd000 	/usr/lib/system/libdispatch.dylib
0x00000000077cd000 	/usr/lib/system/libdyld.dylib
0x00000000077cd000 	/usr/lib/system/libkeymgr.dylib
0x00000000077cd000 	/usr/lib/system/liblaunch.dylib
0x00000000077cd000 	/usr/lib/system/libmacho.dylib
0x00000000077cd000 	/usr/lib/system/libquarantine.dylib
0x00000000077cd000 	/usr/lib/system/libremovefile.dylib
0x00000000077cd000 	/usr/lib/system/libsystem_asl.dylib
0x00000000077cd000 	/usr/lib/system/libsystem_blocks.dylib
0x00000000077cd000 	/usr/lib/system/libsystem_c.dylib
0x00000000077cd000 	/usr/lib/system/libsystem_configuration.dylib
0x00000000077cd000 	/usr/lib/system/libsystem_dnssd.dylib
0x00000000077cd000 	/usr/lib/system/libsystem_info.dylib
0x00000000077cd000 	/usr/lib/system/libsystem_kernel.dylib
0x00000000077cd000 	/usr/lib/system/libsystem_m.dylib
0x00000000077cd000 	/usr/lib/system/libsystem_malloc.dylib
0x00000000077cd000 	/usr/lib/system/libsystem_network.dylib
0x00000000077cd000 	/usr/lib/system/libsystem_notify.dylib
0x00000000077cd000 	/usr/lib/system/libsystem_platform.dylib
0x00000000077cd000 	/usr/lib/system/libsystem_pthread.dylib
0x00000000077cd000 	/usr/lib/system/libsystem_sandbox.dylib
0x00000000077cd000 	/usr/lib/system/libsystem_stats.dylib
0x00000000077cd000 	/usr/lib/system/libunc.dylib
0x00000000077cd000 	/usr/lib/system/libunwind.dylib
0x00000000077cd000 	/usr/lib/system/libxpc.dylib
0x00000000077cd000 	/usr/lib/libbsm.0.dylib
0x00000000077cd000 	/usr/lib/libsqlite3.dylib
0x00000000077cd000 	/usr/lib/libxar.1.dylib
0x00000000077cd000 	/usr/lib/libpam.2.dylib
0x00000000077cd000 	/usr/lib/libOpenScriptingUtil.dylib
0x00000000077cd000 	/usr/lib/libbz2.1.0.dylib
0x00000000077cd000 	/System/Library/Frameworks/CoreServices.framework/Versions/A/Frameworks/CarbonCore.framework/Versions/A/CarbonCore
0x00000000077cd000 	/System/Library/Frameworks/CoreServices.framework/Versions/A/Frameworks/Metadata.framework/Versions/A/Metadata
0x00000000077cd000 	/System/Library/Frameworks/CoreServices.framework/Versions/A/Frameworks/OSServices.framework/Versions/A/OSServices
0x00000000077cd000 	/System/Library/Frameworks/CoreServices.framework/Versions/A/Frameworks/SearchKit.framework/Versions/A/SearchKit
0x00000000077cd000 	/System/Library/Frameworks/CoreServices.framework/Versions/A/Frameworks/AE.framework/Versions/A/AE
0x00000000077cd000 	/System/Library/Frameworks/CoreServices.framework/Versions/A/Frameworks/LaunchServices.framework/Versions/A/LaunchServices
0x00000000077cd000 	/System/Library/Frameworks/CoreServices.framework/Versions/A/Frameworks/DictionaryServices.framework/Versions/A/DictionaryServices
0x00000000077cd000 	/System/Library/Frameworks/NetFS.framework/Versions/A/NetFS
0x00000000077cd000 	/usr/lib/system/libkxld.dylib
0x00000000077cd000 	/System/Library/PrivateFrameworks/NetAuth.framework/Versions/A/NetAuth
0x00000000077cd000 	/System/Library/PrivateFrameworks/TCC.framework/Versions/A/TCC
0x00000000077cd000 	/System/Library/Frameworks/OpenDirectory.framework/Versions/A/Frameworks/CFOpenDirectory.framework/Versions/A/CFOpenDirectory
0x00000000077cd000 	/System/Library/Frameworks/ServiceManagement.framework/Versions/A/ServiceManagement
0x00000000077cd000 	/usr/lib/libxslt.1.dylib
0x00000000077cd000 	/System/Library/Frameworks/Carbon.framework/Versions/A/Frameworks/Ink.framework/Versions/A/Ink
0x00000000077cd000 	/System/Library/Frameworks/ApplicationServices.framework/Versions/A/Frameworks/ATS.framework/Versions/A/ATS
0x00000000077cd000 	/System/Library/Frameworks/ApplicationServices.framework/Versions/A/Frameworks/ColorSync.framework/Versions/A/ColorSync
0x00000000077cd000 	/System/Library/Frameworks/ApplicationServices.framework/Versions/A/Frameworks/HIServices.framework/Versions/A/HIServices
0x00000000077cd000 	/System/Library/Frameworks/ApplicationServices.framework/Versions/A/Frameworks/LangAnalysis.framework/Versions/A/LangAnalysis
0x00000000077cd000 	/System/Library/Frameworks/ApplicationServices.framework/Versions/A/Frameworks/PrintCore.framework/Versions/A/PrintCore
0x00000000077cd000 	/System/Library/Frameworks/ApplicationServices.framework/Versions/A/Frameworks/QD.framework/Versions/A/QD
0x00000000077cd000 	/System/Library/Frameworks/ApplicationServices.framework/Versions/A/Frameworks/SpeechSynthesis.framework/Versions/A/SpeechSynthesis
0x00000000077cd000 	/System/Library/Frameworks/IOSurface.framework/Versions/A/IOSurface
0x00000000077cd000 	/System/Library/Frameworks/Accelerate.framework/Versions/A/Accelerate
0x00000000077cd000 	/System/Library/Frameworks/Accelerate.framework/Versions/A/Frameworks/vImage.framework/Versions/A/vImage
0x00000000077cd000 	/System/Library/Frameworks/Accelerate.framework/Versions/A/Frameworks/vecLib.framework/Versions/A/vecLib
0x00000000077cd000 	/System/Library/Frameworks/Accelerate.framework/Versions/A/Frameworks/vecLib.framework/Versions/A/libvDSP.dylib
0x00000000077cd000 	/System/Library/Frameworks/Accelerate.framework/Versions/A/Frameworks/vecLib.framework/Versions/A/libvMisc.dylib
0x00000000077cd000 	/System/Library/Frameworks/Accelerate.framework/Versions/A/Frameworks/vecLib.framework/Versions/A/libLAPACK.dylib
0x00000000077cd000 	/System/Library/Frameworks/Accelerate.framework/Versions/A/Frameworks/vecLib.framework/Versions/A/libBLAS.dylib
0x00000000077cd000 	/System/Library/Frameworks/ApplicationServices.framework/Versions/A/Frameworks/ATS.framework/Versions/A/Resources/libFontParser.dylib
0x00000000077cd000 	/System/Library/Frameworks/ApplicationServices.framework/Versions/A/Frameworks/ATS.framework/Versions/A/Resources/libFontRegistry.dylib
0x00000000077cd000 	/System/Library/Frameworks/ImageIO.framework/Versions/A/Resources/libJPEG.dylib
0x00000000077cd000 	/System/Library/Frameworks/ImageIO.framework/Versions/A/Resources/libTIFF.dylib
0x00000000077cd000 	/System/Library/Frameworks/ImageIO.framework/Versions/A/Resources/libPng.dylib
0x00000000077cd000 	/System/Library/Frameworks/ImageIO.framework/Versions/A/Resources/libGIF.dylib
0x00000000077cd000 	/System/Library/Frameworks/ImageIO.framework/Versions/A/Resources/libJP2.dylib
0x00000000077cd000 	/System/Library/Frameworks/ImageIO.framework/Versions/A/Resources/libRadiance.dylib
0x00000000077cd000 	/usr/lib/libcups.2.dylib
0x00000000077cd000 	/System/Library/Frameworks/Kerberos.framework/Versions/A/Kerberos
0x00000000077cd000 	/System/Library/Frameworks/GSS.framework/Versions/A/GSS
0x00000000077cd000 	/usr/lib/libresolv.9.dylib
0x00000000077cd000 	/usr/lib/libiconv.2.dylib
0x00000000077cd000 	/System/Library/PrivateFrameworks/Heimdal.framework/Versions/A/Heimdal
0x00000000077cd000 	/System/Library/PrivateFrameworks/TrustEvaluationAgent.framework/Versions/A/TrustEvaluationAgent
0x00000000077cd000 	/usr/lib/libheimdal-asn1.dylib
0x00000000077cd000 	/System/Library/Frameworks/OpenDirectory.framework/Versions/A/OpenDirectory
0x00000000077cd000 	/System/Library/PrivateFrameworks/CommonAuth.framework/Versions/A/CommonAuth
0x00000000077cd000 	/System/Library/Frameworks/SecurityFoundation.framework/Versions/A/SecurityFoundation
0x00000000077cd000 	/System/Library/PrivateFrameworks/Bom.framework/Versions/A/Bom
0x00000000077cd000 	/System/Library/Frameworks/CoreVideo.framework/Versions/A/CoreVideo
0x00000000077cd000 	/System/Library/Frameworks/QuartzCore.framework/Versions/A/Frameworks/CoreImage.framework/Versions/A/CoreImage
0x00000000077cd000 	/System/Library/Frameworks/QuartzCore.framework/Versions/A/Frameworks/ScalableUserInterface.framework/Versions/A/ScalableUserInterface
0x00000000077cd000 	/System/Library/Frameworks/OpenGL.framework/Versions/A/Libraries/libGLU.dylib
0x00000000077cd000 	/System/Library/Frameworks/OpenGL.framework/Versions/A/Libraries/libGFXShared.dylib
0x00000000077cd000 	/System/Library/Frameworks/OpenGL.framework/Versions/A/Libraries/libGL.dylib
0x00000000077cd000 	/System/Library/Frameworks/OpenGL.framework/Versions/A/Libraries/libGLImage.dylib
0x00000000077cd000 	/System/Library/Frameworks/OpenGL.framework/Versions/A/Libraries/libCVMSPluginSupport.dylib
0x00000000077cd000 	/System/Library/Frameworks/OpenGL.framework/Versions/A/Libraries/libCoreVMClient.dylib
0x00000000077cd000 	/System/Library/PrivateFrameworks/FaceCore.framework/Versions/A/FaceCore
0x00000000077cd000 	/System/Library/PrivateFrameworks/CrashReporterSupport.framework/Versions/A/CrashReporterSupport
0x00000000077cd000 	/System/Library/Frameworks/OpenCL.framework/Versions/A/OpenCL
0x00000000077cd000 	/System/Library/PrivateFrameworks/AppleFSCompression.framework/Versions/A/AppleFSCompression
0x00000000077cd000 	/System/Library/PrivateFrameworks/Ubiquity.framework/Versions/A/Ubiquity
0x00000000077cd000 	/System/Library/PrivateFrameworks/IconServices.framework/Versions/A/IconServices
0x00000000077cd000 	/System/Library/PrivateFrameworks/ChunkingLibrary.framework/Versions/A/ChunkingLibrary
0x00000000077cd000 	/System/Library/PrivateFrameworks/CoreSymbolication.framework/Versions/A/CoreSymbolication
0x00000000077cd000 	/System/Library/PrivateFrameworks/Symbolication.framework/Versions/A/Symbolication
0x00000000077cd000 	/System/Library/PrivateFrameworks/DebugSymbols.framework/Versions/A/DebugSymbols
0x0000000101e00000 	/Library/Java/JavaVirtualMachines/jdk1.8.0_45.jdk/Contents/Home/jre/lib/server/libjvm.dylib
0x00000000077cd000 	/usr/lib/libstdc++.6.dylib
0x0000000101526000 	/Library/Java/JavaVirtualMachines/jdk1.8.0_45.jdk/Contents/Home/jre/lib/libverify.dylib
0x0000000101534000 	/Library/Java/JavaVirtualMachines/jdk1.8.0_45.jdk/Contents/Home/jre/lib/libjava.dylib
0x000000010156a000 	/Library/Java/JavaVirtualMachines/jdk1.8.0_45.jdk/Contents/Home/jre/lib/libjdwp.dylib
0x00000001015b5000 	/Library/Java/JavaVirtualMachines/jdk1.8.0_45.jdk/Contents/Home/jre/lib/libnpt.dylib
0x00000001015c2000 	/Library/Java/JavaVirtualMachines/jdk1.8.0_45.jdk/Contents/Home/jre/lib/libzip.dylib
0x0000000116946000 	/System/Library/Frameworks/JavaVM.framework/Frameworks/JavaRuntimeSupport.framework/JavaRuntimeSupport
0x000000011695e000 	/System/Library/Frameworks/JavaVM.framework/Versions/A/Frameworks/JavaNativeFoundation.framework/Versions/A/JavaNativeFoundation
0x0000000116973000 	/System/Library/Frameworks/JavaVM.framework/Versions/A/JavaVM
0x00000000077cd000 	/System/Library/Frameworks/Carbon.framework/Versions/A/Carbon
0x0000000116980000 	/System/Library/PrivateFrameworks/JavaLaunching.framework/Versions/A/JavaLaunching
0x00000000077cd000 	/System/Library/Frameworks/Carbon.framework/Versions/A/Frameworks/CommonPanels.framework/Versions/A/CommonPanels
0x00000000077cd000 	/System/Library/Frameworks/Carbon.framework/Versions/A/Frameworks/Help.framework/Versions/A/Help
0x00000000077cd000 	/System/Library/Frameworks/Carbon.framework/Versions/A/Frameworks/ImageCapture.framework/Versions/A/ImageCapture
0x00000000077cd000 	/System/Library/Frameworks/Carbon.framework/Versions/A/Frameworks/OpenScripting.framework/Versions/A/OpenScripting
0x00000000077cd000 	/System/Library/Frameworks/Carbon.framework/Versions/A/Frameworks/Print.framework/Versions/A/Print
0x00000000077cd000 	/System/Library/Frameworks/Carbon.framework/Versions/A/Frameworks/SecurityHI.framework/Versions/A/SecurityHI
0x0000000116b97000 	/Library/Java/JavaVirtualMachines/jdk1.8.0_45.jdk/Contents/Home/jre/lib/libdt_socket.dylib

VM Arguments:
jvm_args: -agentlib:jdwp=transport=dt_socket,suspend=y,address=localhost:51255 -Dfile.encoding=UTF-8 
java_command: Solution126
java_class_path (initial): /Users/lixiaox5/Documents/Leetcode/Leetcode/bin
Launcher Type: SUN_STANDARD

Environment Variables:
PATH=/usr/bin:/bin:/usr/sbin:/sbin
SHELL=/bin/bash
DISPLAY=/tmp/launch-zAlTlA/org.macosforge.xquartz:0

Signal Handlers:
SIGSEGV: [libjvm.dylib+0x58ef95], sa_mask[0]=11111111011111110111111111111111, sa_flags=SA_ONSTACK|SA_RESTART|SA_SIGINFO
SIGBUS: [libjvm.dylib+0x58ef95], sa_mask[0]=11111111011111110111111111111111, sa_flags=SA_RESTART|SA_SIGINFO
SIGFPE: [libjvm.dylib+0x46c108], sa_mask[0]=11111111011111110111111111111111, sa_flags=SA_RESTART|SA_SIGINFO
SIGPIPE: [libjvm.dylib+0x46c108], sa_mask[0]=11111111011111110111111111111111, sa_flags=SA_RESTART|SA_SIGINFO
SIGXFSZ: [libjvm.dylib+0x46c108], sa_mask[0]=11111111011111110111111111111111, sa_flags=SA_RESTART|SA_SIGINFO
SIGILL: [libjvm.dylib+0x46c108], sa_mask[0]=11111111011111110111111111111111, sa_flags=SA_RESTART|SA_SIGINFO
SIGUSR1: SIG_DFL, sa_mask[0]=00000000000000000000000000000000, sa_flags=SA_RESTART
SIGUSR2: [libjvm.dylib+0x46bc26], sa_mask[0]=00100000000000000000000000000000, sa_flags=SA_RESTART|SA_SIGINFO
SIGHUP: [libjvm.dylib+0x46a1f9], sa_mask[0]=11111111011111110111111111111111, sa_flags=SA_RESTART|SA_SIGINFO
SIGINT: [libjvm.dylib+0x46a1f9], sa_mask[0]=11111111011111110111111111111111, sa_flags=SA_RESTART|SA_SIGINFO
SIGTERM: [libjvm.dylib+0x46a1f9], sa_mask[0]=11111111011111110111111111111111, sa_flags=SA_RESTART|SA_SIGINFO
SIGQUIT: [libjvm.dylib+0x46a1f9], sa_mask[0]=11111111011111110111111111111111, sa_flags=SA_RESTART|SA_SIGINFO


---------------  S Y S T E M  ---------------

OS:Bsduname:Darwin 13.4.0 Darwin Kernel Version 13.4.0: Wed Mar 18 16:20:14 PDT 2015; root:xnu-2422.115.14~1/RELEASE_X86_64 x86_64
rlimit: STACK 8192k, CORE 0k, NPROC 709, NOFILE 10240, AS infinity
load average:1.65 1.60 1.52

CPU:total 4 (2 cores per cpu, 2 threads per core) family 6 model 42 stepping 7, cmov, cx8, fxsr, mmx, sse, sse2, sse3, ssse3, sse4.1, sse4.2, popcnt, avx, aes, clmul, ht, tsc, tscinvbit

Memory: 4k page, physical 4194304k(73056k free)

/proc/meminfo:


vm_info: Java HotSpot(TM) 64-Bit Server VM (25.45-b02) for bsd-amd64 JRE (1.8.0_45-b14), built on Apr 10 2015 10:46:38 by "java_re" with gcc 4.2.1 (Based on Apple Inc. build 5658) (LLVM build 2336.11.00)

time: Mon Jun 29 15:43:47 2015
elapsed time: 3438 seconds (0d 0h 57m 18s)

